<?xml version="1.0" encoding="UTF-8"?>
<!-- Generated by org.testng.reporters.JUnitReportReporter -->
<testsuite skipped="0" hostname="Bhupendras-MacBook-Air.local" name="test.DemoRestApi" tests="1" failures="0" timestamp="10 Sep 2020 20:46:58 GMT" time="1.935" errors="0">
  <testcase name="testResponseCode" time="1.935" classname="test.DemoRestApi"/>
</testsuite> <!-- test.DemoRestApi -->
